[   0.0000] Linux version 4.15.0-91-generic (buildd@lgw01-amd64-013) (gcc version 7.4.0 (Ubuntu 7.4.0-1ubuntu1~18.04.1)) #92-Ubuntu SMP Fri Feb 28 11:09:48 UTC 2020 (Ubuntu 4.15.0-91.92-generic4.5.18)
[  0.000000] Command line: BOOT_IMAGE=/boot/vmlinuz-4.15.0-91-generic root=UUID=fc432cd9-3eff-4f0f-956a-9c088d130e57 ro console=tty1 console=ttyS0
[    0.000000] KERNL upported cpus:
[    0.0000]   Intel GenuineIntel
[    0.000000]   AMD AuthenticAMD
[    0.000000]   Centaur CentaurHauls
[    0.000000] x86/fpu: Supporting XSAVE fature 0x001: 'x87 floating point registers'
[    0.000000]x86/f: Suppting XSAVE feature 0x002: 'SSE registers'
[    0.000000] 6/fpu: Supporting XSAVE feature 0x004: 'AVX registers'
[    0.000000] x86/fpu: xstate_offset[2]:  576, xstate_sizes[:  256
[    0.000000] x86/fpu: Enabled tate features 0x7, context size is 832 bytes, using 'standard' format.
[    0.000000] e820: BIOS-provided physical RAM map:
[    0.000000] BIOS-e820: [mem 0x0000000000000000-0x000000000009fbff] usable
[    0.000000] BIOS-e820: [mem 0x000000000009fc00-0x000000000009ffff] reserved
[    0.000000] BIOS-e820: [mm 0x00000000000f0000-x00000000000fffff] reserved
[    0.000000] BIOS-e820: [mem 0x0000000000100000-0x000000003ffeffff] usable
[    0.000000] BIS-e820: [mem 0x000000003fff0000-0x000000003fffffff] ACPI data
[    0.000000] BIOS-e820: [mem 0x0000000fec00000-0x00000000fec00fff] reserved
[    0.000000] BIOS-e820: [mem 0x00000000fee00000-0x00000000fee00fff] reserved
[    0.000000] BIOS-e820: [mem 0x00000000fffc0000-0x00000000ffffff] reserved
[    0.000000] NX (ExecteDisle) protection: active
[    0.000000] SMBIOS 2.5 present.
[    0.000000] DMI: innotek GmbH VirtualBox/VirtualBox, BIOS VirtualBox 12/01/2006
[    0.000000] Hypervisor detected: KVM
[    0.000000] e820: last_pfn = 0x3fff0 max_arch_pfn = 0x400000000
[    0.000000] MTRR: Disabled
[    0.000000] x86/PAT: MTRRs disabled, skipping PAT initialization too.
[    0.000000] CPU MTRRs all blank - vrtualized syst.
[    0.000000] x86/PAT: Configuration [0-7]: WB  WT  UC- UC  WB  WT  UC- UC  
[    0.000000] found SMP MP-table at [mem 0x0009fff0-0x0009ffff]
[    0.000000] Scanning 1areas for low memory corruption
[    0.000000] RAMDISK: [mem 0x35965000-0x36ca9fff]
[    0.000000] ACPI: Early table checksum verification disabled
[    0.000000] ACPI: RSDP 0x00000000000000 000024 (v02 VBOX  )
[    0.000000] ACPI: XSDT 0x000000003FFF0030 00003Cv01 VBOX   VBOXXSDT 00000001 ASL  00000061)
[    0.000000] ACPI: FACP 0x000000003FFF00F0 0000F4 (v04 VBOX   VBOXFACP0000001 ASL  00000061)
[    0.000000] ACPI: DSDT 0x000000003FFF0470 0021FF (v02 VBOX   VBOXBIOS 00000002 INTL 20100528)
[    0.000000] ACPI: FACS 0x000000003FFF0200 000040
[    0.000000] ACPI: FACS 0x000000003FFF0200 000040
[    0.000000] ACPI: APIC 0x000000003FFF0240 0005C (v02 VBOX   VBOXAPIC 00000001 ASL  00000061)
[    0.000000] ACPI: SSD0x0000003FFF00 0001CC (v01 VBOX   VBOXCPUT 00000002 INTL 20100528)
[    0.000000] No NUMA configuration found
[    0.00000] aking a node at [mem 0x0000000000000000-0x000000003ffeffff]
   0.0000] NODE_DATA(0) allocated [mem 0x3ffc5000-0x3ffeffff]
[    0.000000] kvm-clock: cpu 0, msr:3ff44001, primary cpuclock
[    0.000000] kvm-clock: Uing msrs 4b564d01 and 4b564d00
[    0.000000] kvm-clock: using sched offset of 5070707617 cycles
[    0.000000] clocksource: kvm-clock: mask: 0xffffffffffffffff max_cycles: 0x1cd42e4dffb, max_idle_ns: 881590591483 ns
[   0.000000] Zone ranges:
[    0.000000]   DMA      [mem 0x0000000000001000-0x0000000000ffffff]
[    0.000000]  DMA32    [mem 0x0000000001000000-0x000000003ffeffff]
[    0.000000]   Nrmal   empty
[    0.000000]   Device   empty
[    0.000000] Movable zone start for each node
[    0.000000] Early memory node ranges
[    0.000000]   node   0: [mem 0x0000000000001000-0x000000000009efff]
[   000000]   de   0: [mem 0x0000000000100000-0x000000003ffeffff]
[    0.000000] Reserved but unavailable: 98 pages
[    0.000000] Initmem setup node 0 [mem 0x0000000000001000-0x000000003ffeffff]
[    0.000000] ACPI: PM-Timer IO Port: 0x4008
[    0.000000] IOAPIC[0]: apic_id 2, version 32, address 0xfec00000, GSI 0-23
[    0.000000] ACPI: INT_SRC_OVR (bus 0 bus_irq 0 global_irq 2 dfl dfl)
[    0.000000] ACPI: INT_SRC_OVR (bus 0 bus_irq 9 global_irq 9 low level)
[    0.000000] Using ACPI (MADT) for SMP configuration information
[    0.000000] smpboot: Allowing 2 CPUs, 0 hotplug CPUs
[    0.000000] PM: Registered nosave memory: [mem 0x00000000-0x00000fff]
[    0.000000] PM: Registered nosave memory: [mem 0x0009f000-0x0009ffff]
[    0.000000] PM: Registeredosave memory: [mem 0x000a0000-0x000effff]
[    0.000000] PM: Registered nosave memory: [mem 0x000f0000-0x000fffff]
[    000000] e820: [mem 0x400000-0xbfffff] available for PCI devices
[    0.0000] Booting paravirtualized kernel on K
[    0.000000] clocksource: refined-jiffies: mask: 0xffffffff max_cycles: 0xffffffff, max_idle_ns: 7645519600211568 ns
[   0.000000] random: get_random_bytes called from start_kernel+0x99/0x4fd with crng_init=0
[   0.000000] setup_percpu: NR_CPUS:8192 nr_cpumak_bits:2 nr_cpu_ids:2 nr_node_ids:1
[    0.00000] percpu: Embedded 45 pages/cu s17456 r82 d28672 u1048576
[    0.000000] PV qspinlock hash table entries: 256 (order: 0, 496 bytes)
[    0.000000] Built 1 zonelists, mobility groupin on.  Total ges: 257913
[    0.000000] Policy zone: DMA32
[  0.000000] Kernel command line: BOOT_IMAGE=/boot/vmlinuz-4.15.0-91-generic root=UUID=fc432cd9-3eff-4f0f-956a-9c088d130e57 ro onsole=tty1 conle=ttyS0
[    0.00000]Memory: 982536K/1048120K available (12300K kernel code, 2481K rwdata, 4264K rodata, 2432K init, 2712K bss, 65584K reserved, 0K cma-reserved)
[   0.00000] SLUB: HWalign=64, Order=0-3, MinObjects=0, CPUs=2, Nodes=1
[    0.000000] Kernel/User page tables isolation: enabled
[    0.000000] ftrace: allocating 39347 entries in 154 pages
[   0.0000] Hierarchical RCU implementation.
[    0.0040] 	RCU restricting CPUs from NR_CPUS=8192 to nr_cpu_ids=2.
[    0004000] 	Tasks RCU enabled.
[    0.004000] RCU: Adjusting geometry for rc_fnouteaf=16, nr_cpu_ids=2
[    0.004000] NR_IRQS: 524544, nr_irqs: 440, preallocaedirqs: 16
[    0.004000] Console: colour VGA+ x25
[    0.004000] console [tty1] enabled
[    0.004000] console [ttyS0] enabled
[    0.004000] ACPI: Core revision 20170831
[    0.004000] ACPI:  ACPI AML tables succesfully acquired and loaded[    0.004000] APIC: Switch to symmetric I/O mode setup
[    0.004240] x2apic enabled
[    0.008006] Switched APIC routing to physical x2apic.
[    0.013297] ..TIMER: vector=0x30 apic1=0 pin1=2 apic2=-1 pin2=-1
[    0.016004] tsc: Detected 2303.998 MHz processor
[    0.020011] Calibrating delay loop (skipped) preset value.. 4607.99 BogoMIPS (lpj=9215992)
[    0.024006] pid_max: default: 32768 minimum: 301
[    0.028036] Security Framework initialized
[    0.032006] Yama: becoming mindful.
[    0.032985] AppArmor: AppArmor initialized
[    0.037682] Dentry cache hash table entries: 131072 (order: 8, 1048576 bytes)
[    0.040089] Inode-cache hash table entries: 65536 (order: 7, 524288 bytes)
[    0.044022] Mount-cache hash table entries: 2048 (order: 2, 16384 bytes)
[    0.048013] Mountpoint-cache hash table entries: 2048 (order: 2, 16384 bytes)
[    0.052227] Last level iTLB entries: 4KB 64, 2MB 8, 4MB 8
[    0.056005] Last level dTLB entries: 4KB 64, 2MB 0, 4MB 0, 1GB 4
[    0.057495] Spectre V1 : Mitigation: usercopy/swapgs barriers and __user pointer sanitization
[    0.060005] Spectre V2 : Mitigation: Full generic retpoline
[    0.061404] Spectre V2 : Spectre v2 / SpectreRSB mitigation: Filling RSB on context switch
[    0.064006] Speculative Store Bypass: Vulnerable
[    0.068100] MDS: Vulnerable: Clear CPU buffers attempted, no microcode
[    0.072161] Freeing SMP alternatives memory: 36K
[    0.186996] smpboot: CPU0: Intel(R) Core(TM) i5-7360U CPU @ 2.30GHz (family: 0x6, model: 0x8e, stepping: 0x9)
[    0.188146] Performance Events: unsupported p6 CPU model 142 no PMU driver, software events only.
[    0.192050] Hierarchical SRCU implementation.
[    0.196657] NMI watchdog: Perf event create on CPU 0 failed with -2
[    0.200005] NMI watchdog: Perf NMI watchdog permanently disabled
[    0.204065] smp: Bringing up secondary CPUs ...
[    0.208222] x86: Booting SMP configuration:
[    0.209763] .... node  #0, CPUs:      #1
[    0.004000] kvm-clock: cpu 1, msr 0:3ff44041, secondary cpu clock
[    0.216043] smp: Brought up 1 node, 2 CPUs
[    0.217497] smpboot: Max logical packages: 1
[    0.220009] smpboot: Total of 2 processors activated (9215.99 BogoMIPS)
[    0.224129] devtmpfs: initialized
[    0.228086] x86/mm: Memory block size: 128MB
[    0.232311] evm: security.selinux
[    0.236007] evm: security.SMACK64
[    0.240008] evm: security.SMACK64EXEC
[    0.244007] evm: security.SMACK64TRANSMUTE
[    0.246008] evm: security.SMACK64MMAP
[    0.248006] evm: security.apparmor
[    0.250650] evm: security.ima
[    0.252006] evm: security.capability
[    0.256385] clocksource: jiffies: mask: 0xffffffff max_cycles: 0xffffffff, max_idle_ns: 7645041785100000 ns
[    0.260017] futex hash table entries: 512 (order: 3, 32768 bytes)
[    0.268006] pinctrl core: initialized pinctrl subsystem
[    0.272371] RTC time:  3:24:30, date: 03/25/20
[    0.276580] NET: Registered protocol family 16
[    0.280108] audit: initializing netlink subsys (disabled)
[    0.284203] audit: type=2000 audit(1585106673.069:1): state=initialized audit_enabled=0 res=1
[    0.292245] cpuidle: using governor ladder
[    0.296019] cpuidle: using governor menu
[    0.298712] ACPI: bus type PCI registered
[    0.300008] acpiphp: ACPI Hot Plug PCI Controller Driver version: 0.5
[    0.304174] PCI: Using configuration type 1 for base access
[    0.309424] HugeTLB registered 2.00 MiB page size, pre-allocated 0 pages
[    0.316177] ACPI: Added _OSI(Module Device)
[    0.320016] ACPI: Added _OSI(Processor Device)
[    0.324015] ACPI: Added _OSI(3.0 _SCP Extensions)
[    0.328005] ACPI: Added _OSI(Processor Aggregator Device)
[    0.329360] ACPI: Added _OSI(Linux-Dell-Video)
[    0.332007] ACPI: Added _OSI(Linux-Lenovo-NV-HDMI-Audio)
[    0.333600] ACPI: Added _OSI(Linux-HPI-Hybrid-Graphics)
[    0.336417] ACPI: Executed 1 blocks of module-level executable AML code
[    0.346281] ACPI: Interpreter enabled
[    0.348027] ACPI: (supports S0 S5)
[    0.352005] ACPI: Using IOAPIC for interrupt routing
[    0.354713] PCI: Using host bridge windows from ACPI; if necessary, use "pci=nocrs" and report a bug
[    0.356268] ACPI: Enabled 2 GPEs in block 00 to 07
[    0.368272] ACPI: PCI Root Bridge [PCI0] (domain 0000 [bus 00-ff])
[    0.372015] acpi PNP0A03:00: _OSC: OS supports [ASPM ClockPM Segments MSI]
[    0.376054] acpi PNP0A03:00: _OSC: not requesting OS control; OS requires [ExtendedConfig ASPM ClockPM MSI]
[    0.380020] acpi PNP0A03:00: fail to add MMCONFIG information, can't access extended PCI configuration space under this bridge.
[    0.384678] PCI host bridge to bus 0000:00
[    0.388008] pci_bus 0000:00: root bus resource [io  0x0000-0x0cf7 window]
[    0.389696] pci_bus 0000:00: root bus resource [io  0x0d00-0xffff window]
[    0.392007] pci_bus 0000:00: root bus resource [mem 0x000a0000-0x000bffff window]
[    0.396008] pci_bus 0000:00: root bus resource [mem 0x40000000-0xfdffffff window]
[    0.400007] pci_bus 0000:00: root bus resource [bus 00-ff]
[    0.409779] pci 0000:00:01.1: legacy IDE quirk: reg 0x10: [io  0x01f0-0x01f7]
[    0.412007] pci 0000:00:01.1: legacy IDE quirk: reg 0x14: [io  0x03f6]
[    0.416006] pci 0000:00:01.1: legacy IDE quirk: reg 0x18: [io  0x0170-0x0177]
[    0.420006] pci 0000:00:01.1: legacy IDE quirk: reg 0x1c: [io  0x0376]
[    0.439475] pci 0000:00:07.0: quirk: [io  0x4000-0x403f] claimed by PIIX4 ACPI
[    0.440027] pci 0000:00:07.0: quirk: [io  0x4100-0x410f] claimed by PIIX4 SMB
[    0.458919] ACPI: PCI Interrupt Link [LNKA] (IRQs 5 9 10 *11)
[    0.460318] ACPI: PCI Interrupt Link [LNKB] (IRQs 5 9 *10 11)
[    0.464153] ACPI: PCI Interrupt Link [LNKC] (IRQs 5 *9 10 11)
[    0.468160] ACPI: PCI Interrupt Link [LNKD] (IRQs 5 9 10 *11)
[    0.472629] SCSI subsystem initialized
[    0.476064] pci 0000:00:02.0: vgaarb: setting as boot VGA device
[    0.477898] pci 0000:00:02.0: vgaarb: VGA device added: decodes=io+mem,owns=io+mem,locks=none
[    0.480008] pci 0000:00:02.0: vgaarb: bridge control possible
[    0.484008] vgaarb: loaded
[    0.488044] ACPI: bus type USB registered
[    0.492032] usbcore: registered new interface driver usbfs
[    0.496028] usbcore: registered new interface driver hub
[    0.498064] usbcore: registered new device driver usb
[    0.500082] EDAC MC: Ver: 3.0.0
[    0.508062] PCI: Using ACPI for IRQ routing
[    0.512615] NetLabel: Initializing
[    0.516006] NetLabel:  domain hash size = 128
[    0.520006] NetLabel:  protocols = UNLABELED CIPSOv4 CALIPSO
[    0.524038] NetLabel:  unlabeled traffic allowed by default
[    0.528097] clocksource: Switched to clocksource kvm-clock
[    0.557031] VFS: Disk quotas dquot_6.6.0
[    0.560297] VFS: Dquot-cache hash table entries: 512 (order 0, 4096 bytes)
[    0.569773] AppArmor: AppArmor Filesystem Enabled
[    0.571607] pnp: PnP ACPI init
[    0.576077] pnp PnP ACPI: found 3 devices

[    0.618869] cloksrce: acpi_pm: mask: 0xffffff max_cycles: 0xffffff, max_idle_ns: 2085701024 ns
[    0.701799] NET: Registered protocol family 2

[    0.705473] TCP established hashtable entries: 8192 (order: 4, 65536 bytes)
[    0.734324] TCP bind hash table entries: 8192 (order: 5, 131072 bytes)
[    0.738501] TCP: Hash tables confired (established 8192 bind 8192)
[   0.792200] UDP hash tblentries: 512 (order: 2, 16384 bytes)
[    0.8908] UDLite hash blenie: 512 (ode: 2, 16384 bytes)
[   2511 NETRestedrocofamily 1
[   .705741] pci 0000:00:00. Limitingirt PCI/PCI transfers
[    1.901186] pci 0000:00:01.0: Activating ISA DMA hang workarounds
[    1.927557] pci 0000:00:02.0: Video device with shadowed ROM at [mem 0x000c000-0x000dfff]
[    2.005878] Unpacking initram..

[    2.467306] Freeing initrd memory: 19732K
[    2.473240] clocksource: tsc: mask: 0xffffffffffffffff max_cycles: 0x2135f5e6f15, max_idle_ns: 440795231538 ns
[    2.551074] platform rtc_cmos: registered platform RTC device (no PNP device found)
[    2.559032] Scanning for low memory corruption every 60 seconds
[    2.584332] Initialise system trusted keyrings
[    2.598100] Key type blacklist registered
[    2.605188] workingset: timestamp_bits=36 max_order=18 bucket_order=0
[    2.625133] zbud: loaded
[    2.638067] squashfs: version 4.0 (2009/01/31) Phillip Lougher
[    2.642129] fuse init (API version 7.26)
[    2.656100] Key type asymmetric registered
[    2.661373] Asymmetric key parser 'x509' registered
[    2.684716] Block layer SCSI generic (bsg) driver version 0.4 loaded (major 246)
[    2.687398] io scheduler noop registered
[    2.708531] io scheduler deadline registered
[    2.719164] io scheduler cfq registered (default)
[    2.725562] ACPI: AC Adapter [AC] (off-line)
[    2.734751] input: Power Button as /devices/LNXSYSTM:00/LNXPWRBN:00/input/input0
[    2.757840] ACPI: Power Button [PWRF]
[    2.769723] input: Sleep Button as /devices/LNXSYSTM:00/LNXSLPBN:00/input/input1
[    2.773211] ACPI: Sleep Button [SLPF]
[    2.776369] ACPI: Battery Slot [BAT0] (battery present)
[    2.799434] Serial: 8250/16550 driver, 32 ports, IRQ sharing enabled
[   2.7163] 00:02: ttyS0 at I/O 0x3f8 (irq = 4, base_bd = 115200) is a 16550A

[    2.961470] Linux agpgart interface v0.103
[    2.965063] loop: module loaded
[    2.972552] scsi host0: ata_piix
[    2.985277] scsi host1: ata_piix
[    3.006101] ata1: PATA max UDMA/33 cmd 0x1f0 ctl 0x3f6 bmdma 0xd000 irq 14
[    3.033922] ata2: PATA max UDMA/33 cmd 0x170 ctl 0x376 bmdma 0xd008 irq 15
[    3.035857] libphy: Fixed MDIO Bus: probed
[    3.057753] tun: Universal TUN/TAP device driver, 1.6
[    3.073065] PPP generic driver version 2.4.2
[    3.086437] ehci_hcd: USB 2.0 'Enhanced' Host Controller (EHCI) Driver
[    3.105581] ehci-pci: EHCI PCI platform driver
[    3.129819] ehci-platform: EHCI generic platform driver
[    3.154255] ohci_hcd: USB 1.1 'Open' Host Controller (OHCI) Driver
[    3.156385] ohci-pci: OHCI PCI platform driver
[    3.163132] ohci-platform: OHCI generic platform driver
[    3.164470] uhci_hcd: USB Universal Host Controller Interface driver
[    3.171991] i8042: PNP: PS/2 Controller [PNP0303:PS2K,PNP0f03:PS2M] at 0x60,0x64 irq 1,12
[    3.206664] serio: i8042 KBD port at 0x60,0x64 irq 1
[    3.230102] serio: i8042 AUX port at 0x60,0x64 irq 12
[    3.273772] mousedev: PS/2 mouse device common for all mice
[    3.298779] rtc_cmos rtc_cmos: rtc core: registered rtc_cmos as rtc0
[    3.312750] input: AT Translated Set 2 keyboard as /devices/platform/i8042/serio0/input/input2
[    3.320187] rtc_cmos rtc_cmos: alarms up to one day, 114 bytes nvram
[    3.329949] i2c /dev entries driver
[    3.331833] device-mapper: uevent: version 1.0.3
[    3.340764] device-mapper: ioctl: 4.37.0-ioctl (2017-09-20) initialised: dm-devel@redhat.com
[    3.348240] ledtrig-cpu: registered to indicate activity on CPUs
[    3.366945] NET: Registered protocol family 10
[    3.375718] Segment Routing with IPv6
[    3.378230] NET: Registered protocol family 17
[    3.379436] Key type dns_resolver registered
[    3.380540] mce: Using 0 MCE banks
[    3.382413] RAS: Correctable Errors collector initialized.
[    3.396668] sched_clock: Marking stable (3396635256, 0)->(7903637160, -4507001904)
[    3.403380] registered taskstats version 1
[    3.423572] Loading compiled-in X.509 certificates
[    3.427640] Loaded X.509 cert 'Build time autogenerated kernel key: d019e8c5f4cbc828f6af43369f65a014a3a68371'
[    3.430237] zswap: loaded using pool lzo/zbud
[    3.436794] Key type big_key registered
[    3.438089] Key type trusted registered
[    3.451823] Key type encrypted registered
[    3.453126] AppArmor: AppArmor sha1 policy hashing enabled
[    3.456162] ima: No TPM chip found, activating TPM-bypass! (rc=-19)
[    3.501214] ima: Allocated hash algorithm: sha1
[    3.502384] evm: HMAC attrs: 0x1
[    3.504298]   Magic number: 12:549:412
[    3.506619] rtc_cmos rtc_cmos: setting system clock to 2020-03-25 03:24:34 UTC (1585106674)
[    3.517642] BIOS EDD facility v0.16 2004-Jun-25, 0 devices found
[    3.519867] EDD information not available.
[    3.526077] Freeing unused kernel image memory: 2432K
[    3.556094] Write protecting the kernel read-only data: 20480k
[    3.568275] Freeing unused kernel image memory: 2008K
[    3.583566] Freeing unused kernel image memory: 1880K
[    3.592804] x86/mm: Checked W+X mappings: passed, no W+X pages found.
[    3.612720] x86/mm: Checking user space page tables
[    3.641654] x86/mm: Checked W+X mappings: passed, no W+X pages found.
Loading, please wait...
starting version 237
[    3.738622] Fusion MPT base driver 3.04.20
[    3.740133] Copyright (c) 1999-2008 LSI Corporation
[    3.757199] e1000: Intel(R) PRO/1000 Network Driver - version 7.3.21-k8-NAPI
[    3.759656] e1000: Copyright (c) 1999-2006 Intel Corporation.
[    3.775460] AVX2 version of gcm_enc/dec engaged.
[    3.776721] AES CTR mode by8 optimization enabled
[    3.785250] Fusion MPT SPI Host driver 3.04.20
[    3.947967] input: ImExPS/2 Generic Explorer Mouse as /devices/platform/i8042/serio1/input/input4
[    4.243933] e1000 0000:00:03.0 eth0: (PCI:33MHz:32-bit) 02:b1:13:47:2b:13
[    4.251847] e1000 0000:00:03.0 eth0: Intel(R) PRO/1000 Network Connection
[    4.751028] e1000 0000:00:08.0 eth1: (PCI:33MHz:32-bit) 08:00:27:c6:bb:13
[    4.752796] e1000 0000:00:08.0 eth1: Intel(R) PRO/1000 Network Connection
[    4.780580] e1000 0000:00:08.0 enp0s8: renamed from eth1
[    4.796860] mptbase: ioc0: Initiating bringup
[    4.818308] e1000 0000:00:03.0 enp0s3: renamed from eth0
[    5.317481] ioc0: LSI53C1030 A0: Capabilities={Initiator}
[    6.548229] scsi host2: ioc0: LSI53C1030 A0, FwRev=00000000h, Ports=1, MaxQ=256, IRQ=20
[    8.004447] scsi 2:0:0:0: Direct-Access     VBOX     HARDDISK         1.0  PQ: 0 ANSI: 5
[    8.052642] scsi target2:0:0: Beginning Domain Validation
[    8.058102] scsi target2:0:0: Domain Validation skipping write tests
[    8.072894] scsi target2:0:0: Ending Domain Validation
[    8.087215] scsi target2:0:0: asynchronous
[    8.091400] scsi 2:0:1:0: Direct-Access     VBOX     HARDDISK         1.0  PQ: 0 ANSI: 5
[    8.136532] scsi target2:0:1: Beginning Domain Validation
[    8.173320] random: fast init done
[    8.208996] scsi target2:0:1: Domain Validation skipping write tests
[    8.217160] scsi target2:0:1: Ending Domain Validation
[    8.225207] scsi target2:0:1: asynchronous
[    8.242554] random: systemd-udevd: uninitialized urandom read (16 bytes read)
[    8.259385] random: systemd-udevd: uninitialized urandom read (16 bytes read)
[    8.274267] sd 2:0:0:0: Attached scsi generic sg0 type 0
[    8.282939] random: systemd-udevd: uninitialized urandom read (16 bytes read)
[    8.304453] sd 2:0:0:0: [sda] 20971520 512-byte logical blocks: (10.7 GB/10.0 GiB)
[    8.304564] sd 2:0:1:0: Attached scsi generic sg1 type 0
[    8.419862] sd 2:0:0:0: [sda] Write Protect is off
[    8.420399] sd 2:0:1:0: [sdb] 20480 512-byte logical blocks: (10.5 MB/10.0 MiB)
[    8.429860] sd 2:0:1:0: [sdb] Write Protect is off
[    8.573694] sd 2:0:0:0: [sda] Incomplete mode parameter data
[    8.573790] sd 2:0:1:0: [sdb] Incomplete mode parameter data
[    8.594269] sd 2:0:0:0: [sda] Assuming drive cache: write through
[    8.595776] sd 2:0:1:0: [sdb] Assuming drive cache: write through
[    9.428545]  sda: sda1
[    9.429926] sd 2:0:1:0: [sdb] Attached SCSI disk
[    9.461315] sd 2:0:0:0: [sda] Attached SCSI disk
Begin: Loading essential drivers ... [   10.940134] raid6: sse2x1   gen() 10621 MB/s
[   10.997206] raid6: sse2x1   xor()  7477 MB/s
[   11.068076] raid6: sse2x2   gen() 13379 MB/s
[   11.116173] raid6: sse2x2   xor()  8498 MB/s
[   11.164512] raid6: sse2x4   gen() 14437 MB/s
[   11.224149] raid6: sse2x4   xor()  6914 MB/s
[   11.284069] raid6: avx2x1   gen() 11776 MB/s
[   11.332234] raid6: avx2x1   xor() 11920 MB/s
[   11.412553] raid6: avx2x2   gen() 23886 MB/s
[   11.468926] raid6: avx2x2   xor() 15983 MB/s
[   11.516306] raid6: avx2x4   gen() 28859 MB/s
[   11.564200] raid6: avx2x4   xor() 18655 MB/s
[   11.571490] raid6: using algorithm avx2x4 gen() 28859 MB/s
[   11.605001] raid6: .... xor() 18655 MB/s, rmw enabled
[   11.654749] raid6: using avx2x2 recovery algorithm
[   11.666890] xor: automatically using best checksumming function   avx       
[   11.695556] async_tx: api initialized (async)
done.
Begin: Running /scripts/init-pre[   11.762088] Btrfs loaded, crc32c=crc32c-intel
mount ... done.
Begin: Mounting root file syste[   11.820686] EXT4-fs (sda1): INFO: recovery required on readonly filesystem
m ... Begin: Run[   11.835422] EXT4-fs (sda1): write access will be enabled during recovery
ning /scripts/local-top ... done.
Begin: Running /scripts/local-premount ... Scanning for Btrfs filesystems
done.
Warning: fsck not present, so skipping root file system
[   11.946549] EXT4-fs (sda1): recovery complete
[   11.959575] EXT4-fs (sda1): mounted filesystem with ordered data mode. Opts: (null)
done.
Begin: Running /scripts/local-bottom ... done.
Begin: Running /scripts/init-bottom ... done.
[   12.184730] ip_tables: (C) 2000-2006 Netfilter Core Team
[   12.198392] systemd[1]: systemd 237 running in system mode. (+PAM +AUDIT +SELINUX +IMA +APPARMOR +SMACK +SYSVINIT +UTMP +LIBCRYPTSETUP +GCRYPT +GNUTLS +ACL +XZ +LZ4 +SECCOMP +BLKID +ELFUTILS +KMOD -IDN2 +IDN -PCRE2 default-hierarchy=hybrid)
[   13.714139] systemd[1]: Detected virtualization oracle.
[   13.802059] systemd[1]: Detected architecture x86-64.

Welcome to [1mUbuntu 18.04.3 LTS[0m!

[   14.071722] systemd[1]: Set hostname to <ubuntu-bionic>.
[   14.453628] systemd[1]: Created slice User and Session Slice.
[[0;32m  OK  [0m] Created slice User and Session Slice.
[   14.458777] systemd[1]: Started Forward Password Requests to Wall Directory Watch.
[[0;32m  OK  [0m] Started Forward Password Requests to Wall Directory Watch.
[   14.956257] systemd[1]: Created slice System Slice.
[[0;32m  OK  [0m] Created slice System Slice.
[   15.456258] systemd[1]: Listening on /dev/initctl Compatibility Named Pipe.
[[0;32m  OK  [0m] Listening on /dev/initctl Compatibility Named Pipe.
[   16.931706] systemd[1]: Listening on Device-mapper event daemon FIFOs.
[[0;32m  OK  [0m] Listening on Device-mapper event daemon FIFOs.
[   17.119018] systemd[1]: Listening on Journal Audit Socket.
[[0;32m  OK  [0m] Listening on Journal Audit Socket.
[[0;32m  OK  [0m] Listening on LVM2 metadata daemon socket.
[[0;32m  OK  [0m] Created slice system-serial\x2dgetty.slice.
[[0;32m  OK  [0m] Listening on Journal Socket (/dev/log).
[[0;32m  OK  [0m] Listening on udev Kernel Socket.
[[0;32m  OK  [0m] Listening on Journal Socket.
         Starting Create list of required st…ce nodes for the current kernel...
         Mounting POSIX Message Queue File System...
         Starting Monitoring of LVM2 mirrors…ng dmeventd or progress polling...
[   17.201616] systemd[1]: Starting Uncomplicated firewall...
         Starting Uncomplicated firewall...
[   17.223128] systemd[1]: Mounting Huge Pages File System...
         Mounting Huge Pages File System...
[   17.237685] systemd[1]: Starting Remount Root and Kernel File Systems...
         Starting Remount Root and Kernel File Systems...
[   17.245848] systemd[1]: Starting Load Kernel Modules...
         [   17.257451] EXT4-fs (sda1): re-mounted. Opts: (null)
Starting Load Kernel Modules...
[   17.267459] systemd[1]: Listening on Syslog Socket.
[[0;32m  OK  [0m] Listening on Syslog Socket.
[   17.273415] systemd[1]: Starting Journal Service...
         Starting Journal Service...
[   17.277826] Loading iSCSI transport class v2.0-870.
[   17.278952] systemd[1]: Reached target User and Group Name Lookups.
[[0;32m  OK  [0m] Reached target User and Group Na[   17.295464] iscsi: registered transport (tcp)
me Lookups.
[   17.308617] systemd[1]: Mounting Kernel Debug File System...
         Mounting Kernel Debug File System...
[   17.319610] systemd[1]: Listening on udev Control Socket.
[[0;32m  OK  [0m] Listening on udev Control Socket.
[   17.328496] systemd[1]: Starting udev Coldplug all Devices...
         Starting udev Coldplug all Devices...
[[0;32m  OK  [0m] Listening on LVM2 poll daemon socket.
[[0;32m  OK  [0m] Reached target Slices.
[[0;32m  OK  [0m] Listening on[   17.356788] iscsi: registered transport (iser)
 Network Service Netlink Socket.
[[0;32m  OK  [0m] Set up automount Arbitrary Executab…rmats File System Automount Point.
[[0;32m  OK  [0m] Reached target System Time Synchronized.
         Starting Set the console keyboard layout...
[[0;32m  OK  [0m] Reached target Swap.
[[0;32m  OK  [0m] Started Journal Service.
[[0;32m  OK  [0m] Started Create list of required sta…vice nodes for the current kernel.
[[0;32m  OK  [0m] Mounted POSIX Message Queue File System.
[[0;32m  OK  [0m] Started Uncomplicated firewall.
[[0;32m  OK  [0m] Mounted Huge Pages File System.
[[0;32m  OK  [0m] Started Remount Root and Kernel File Systems.
[[0;32m  OK  [0m] Started Load Kernel Modules.
[[0;32m  OK  [0m] Mounted Kernel Debug File System.
[[0;32m  OK  [0m] Started Set the console keyboard layout.
[[0;32m  OK  [0m] Started LVM2 metadata daemon.
         Mountin[   17.652421] random: crng init done
g Kernel Configu[   17.654492] random: 7 urandom warning(s) missed due to ratelimiting
ration File System...
         Starting Apply Kernel Variables...
         Mounting FUSE Control File System...
         Starting Load/Save Random Seed...
         Starting Create Static Device Nodes in /dev...
         Starting Flush Journal to Persistent Storage...
[[0;32m  OK  [0m] Started Monitoring of LVM2 mirrors,…sing dmeventd or progress polling.
[[0;32m  OK  [0m] Started udev Coldplug all Devices.
[[0;32m  OK  [0m] Mounted Kernel Configuration File System.
[[0;32m  OK  [0m] Started Apply Kernel Variables.
[[0;32m  OK  [0m] Mounted FUSE Control File System.
[[0;32m  OK  [0m] Started Load/Save Random Seed.
[[0;32m  OK  [0m] Started Create Static Device Nodes in /dev.
         Starting udev Kernel Device Manager...
[[0;32m  OK  [0m] Reached target Local File Systems (Pre).
[[0;32m  OK  [0m] Reached target Local File Systems.
         Starting ebtables ruleset management...
         Starting Tell Plymouth To Write Out Runtime Data...
         Starting AppArmor initialization...
         Starting Set console font and keymap...
[[0;32m  OK  [0m] Started udev Kernel Device Manager.
[[0;32m  OK  [0m] Started Dispatch Password Requests to Console Directory Watch.
[[0;32m  OK  [0m] Reached target Local Encrypted Volumes.
[[0;32m  OK  [0m] Started Tell Plymouth To Write Out Runtime Data.
[[0;32m  OK  [0m] Started Set console font and keymap.
[[0;32m  OK  [0m] Started Flush Journal to Persistent Storage.
         Starting Create Volatile Files and Directories...
[[0;32m  OK  [0m] Started Create Volatile Files and Directories.
         Starting Update UTMP about System Boot/Shutdown...
[[0;32m  OK  [0m] Started ebtables ruleset management.
[[0;32m  OK  [0m] Started Update UTMP about System Boot/Shutdown.
[[0;32m  OK  [0m] Started AppArmor initialization.
         Starting Initial cloud-init job (pre-networking)...
[[0;32m  OK  [0m] Found device /dev/ttyS0.
[[0;32m  OK  [0m] Listening on Load/Save RF Kill Switch Status /dev/rfkill Watch.
[   20.115696] cloud-init[527]: Cloud-init v. 19.3-41-gc4735dd3-0ubuntu1~18.04.1 running 'init-local' at Wed, 25 Mar 2020 03:24:50 +0000. Up 19.89 seconds.
[[0;32m  OK  [0m] Started Initial cloud-init job (pre-networking).
[[0;32m  OK  [0m] Reached target Network (Pre).
         Starting Network Service...
[[0;32m  OK  [0m] Started Network Service.
         Starting Wait for Network to be Configured...
         Starting Network Name Resolution...
[[0;32m  OK  [0m] Started Network Name Resolution.
[[0;32m  OK  [0m] Reached target Network.
[[0;32m  OK  [0m] Reached target Host and Network Name Lookups.
[[0;32m  OK  [0m] Started Wait for Network to be Configured.
         Starting Initial cloud-init job (metadata service crawler)...
[   23.243469] cloud-init[723]: Cloud-init v. 19.3-41-gc4735dd3-0ubuntu1~18.04.1 running 'init' at Wed, 25 Mar 2020 03:24:53 +0000. Up 22.93 seconds.
[   23.263234] cloud-init[723]: ci-info: ++++++++++++++++++++++++++++++++++++++Net device info+++++++++++++++++++++++++++++++++++++++
[   23.296335] cloud-init[723]: ci-info: +--------+------+-----------------------------+---------------+--------+-------------------+
[   23.300972] cloud-init[723]: ci-info: | Device |  Up  |           Address           |      Mask     | Scope  |     Hw-Address    |
[   23.305711] cloud-init[723]: ci-info: +--------+------+-----------------------------+---------------+--------+-------------------+
[   23.324369] cloud-init[723]: ci-info: | enp0s3 | True |          10.0.2.15          | 255.255.255.0 | global | 02:b1:13:47:2b:13 |
[   23.344614] cloud-init[723]: ci-info: | enp0s3 | True |  fe80::b1:13ff:fe47:2b13/64 |       .       |  link  | 02:b1:13:47:2b:13 |
[   23.359086] cloud-init[723]: ci-info: | enp0s8 | True |        192.168.33.10        | 255.255.255.0 | global | 08:00:27:c6:bb:13 |
[   23.367348] cloud-init[723]: ci-info: | enp0s8 | True | fe80::a00:27ff:fec6:bb13/64 |       .       |  link  | 08:00:27:c6:bb:13 |
[   23.380126] cloud-init[723]: ci-info: |   lo   | True |          127.0.0.1          |   255.0.0.0   |  host  |         .         |
[   23.397378] cloud-init[723]: ci-info: |   lo   | True |           ::1/128           |       .       |  host  |         .         |
[   23.412310] cloud-init[723]: ci-info: +--------+------+-----------------------------+---------------+--------+-------------------+
[   23.459038] cloud-init[723]: ci-info: +++++++++++++++++++++++++++++Route IPv4 info+++++++++++++++++++++++++++++
[   23.470826] cloud-init[723]: ci-info: +-------+--------------+----------+-----------------+-----------+-------+
[   23.479538] cloud-init[723]: ci-info: | Route | Destination  | Gateway  |     Genmask     | Interface | Flags |
[   23.488973] cloud-init[723]: ci-info: +-------+--------------+----------+-----------------+-----------+-------+
[   23.495558] cloud-init[723]: ci-info: |   0   |   0.0.0.0    | 10.0.2.2 |     0.0.0.0     |   enp0s3  |   UG  |
[   23.509503] cloud-init[723]: ci-info: |   1   |   10.0.2.0   | 0.0.0.0  |  255.255.255.0  |   enp0s3  |   U   |
[   23.520859] cloud-init[723]: ci-info: |   2   |   10.0.2.2   | 0.0.0.0  | 255.255.255.255 |   enp0s3  |   UH  |
[   23.527242] cloud-init[723]: ci-info: |   3   | 192.168.33.0 | 0.0.0.0  |  255.255.255.0  |   enp0s8  |   U   |
[   23.535716] cloud-init[723]: ci-info: +-------+--------------+----------+-----------------+-----------+-------+
[   23.545324] cloud-init[723]: ci-info: +++++++++++++++++++Route IPv6 info+++++++++++++++++++
[   23.553160] cloud-init[723]: ci-info: +-------+-------------+---------+-----------+-------+
[   23.558143] cloud-init[723]: ci-info: | Route | Destination | Gateway | Interface | Flags |
[   23.566894] cloud-init[723]: ci-info: +-------+-------------+---------+-----------+-------+
[   23.572457] cloud-init[723]: ci-info: |   1   |  fe80::/64  |    ::   |   enp0s8  |   U   |
[   23.578085] cloud-init[723]: ci-info: |   2   |  fe80::/64  |    ::   |   enp0s3  |   U   |
[   23.608651] cloud-init[723]: ci-info: |   4   |    local    |    ::   |   enp0s3  |   U   |
[[0;32m  OK  [0m[   23.688523] cloud-init[723]: ci-info: |   5   |    local    |    ::   |   enp0s8  |   U   |
[   23.688657] cloud-init[723]: ci-info: |   6   |   ff00::/8  |    ::   |   enp0s8  |   U   |
[   23.688715] cloud-init[723]: ci-info: |   7   |   ff00::/8  |    ::   |   enp0s3  |   U   |
[   23.688769] cloud-init[723]: ci-info: +-------+-------------+---------+-----------+-------+
] Started Initial cloud-init job (metadata service crawler).
[[0;32m  OK  [0m] Reached target System Initialization.
[[0;32m  OK  [0m] Listening on UUID daemon activation socket.
[[0;32m  OK  [0m] Started Daily Cleanup of Temporary Directories.
[[0;32m  OK  [0m] Started ACPI Events Check.
         Starting LXD - unix socket.
[[0;32m  OK  [0m] Started Message of the Day.
         Starting Socket activation for snappy daemon.
[[0;32m  OK  [0m] Started Discard unused blocks once a week.
[[0;32m  OK  [0m] Listening on Open-iSCSI iscsid Socket.
[[0;32m  OK  [0m] Listening on ACPID Listen Socket.
[[0;32m  OK  [0m] Listening on D-Bus System Message Bus Socket.
[[0;32m  OK  [0m] Started Daily apt download activities.
[[0;32m  OK  [0m] Started Daily apt upgrade and clean activities.
[[0;32m  OK  [0m] Reached target Timers.
[[0;32m  OK  [0m] Reached target Paths.
[[0;32m  OK  [0m] Reached target Network is Online.
         Starting Availability of block devices...
[[0;32m  OK  [0m] Reached target Remote File Systems (Pre).
[[0;32m  OK  [0m] Reached target Remote File Systems.
[[0;32m  OK  [0m] Reached target Cloud-config availability.
[[0;32m  OK  [0m] Listening on LXD - unix socket.
[[0;32m  OK  [0m] Listening on Socket activation for snappy daemon.
[[0;32m  OK  [0m] Started Availability of block devices.
[[0;32m  OK  [0m] Reached target Sockets.
[[0;32m  OK  [0m] Reached target Basic System.
         Starting Login Service...
         Starting LSB: automatic crash report generation...
[[0;32m  OK  [0m] Started D-Bus System Message Bus.
         Starting Dispatcher daemon for systemd-networkd...
         Starting LSB: Record successful boot for GRUB...
         Starting Permit User Sessions...
         Starting System Logging Service...
         Starting Snappy daemon...
         Starting vboxadd.service...
[[0;32m  OK  [0m] Started Regular background program processing daemon.
[[0;32m  OK  [0m] Started FUSE filesystem for LXC.
[[0;32m  OK  [0m] Started irqbalance daemon.
         Starting Accounts Service...
[[0;32m  OK  [0m] Started Deferred execution scheduler.
         Starting OpenBSD Secure Shell server...
         Starting LXD - container startup/shutdown...
[[0;32m  OK  [0m] Started System Logging Service.
[[0;32m  OK  [0m] Started Permit User Sessions.
[[0;32m  OK  [0m] Started Login Service.
[[0;32m  OK  [0m] Started Unattended Upgrades Shutdown.
         Starting Hold until boot process finishes up...
         Starting Terminate Plymouth Boot Screen...
[[0;32m  OK  [0m] Started Hold until boot process finishes up.
[[0;32m  OK  [0m] Started Terminate Plymouth Boot Screen.
[[0;32m  OK  [0m] Started Serial Getty on ttyS0.
         Starting Set console scheme...
[[0;32m  OK  [0m] Started Set console scheme.
[[0;32m  OK  [0m] Created slice system-getty.slice.
[[0;32m  OK  [0m] Started Getty on tty1.
[[0;32m  OK  [0m] Reached target Login Prompts.
         Starting Authorization Manager...
[[0;32m  OK  [0m] Started OpenBSD Secure Shell server.
[[0;32m  OK  [0m] Started LSB: Record successful boot for GRUB.
[[0;32m  OK  [0m] Started LSB: automatic crash report generation.
[[0;32m  OK  [0m] Started Authorization Manager.
[[0;32m  OK  [0m] Started Accounts Service.
[[0;32m  OK  [0m] Started LXD - container startup/shutdown.
[[0;32m  OK  [0m] Started Dispatcher daemon for systemd-networkd.
[[0;32m  OK  [0m] Started vboxadd.service.
         Starting vboxadd-service.service...
[[0;32m  OK  [0m] Created slice User Slice of vagrant.
         Starting User Manager for UID 1000...
[[0;32m  OK  [0m] Started Session 1 of user vagrant.
[[0;32m  OK  [0m] Started Snappy daemon.
         Starting Wait until snapd is fully seeded...
[[0;32m  OK  [0m] Started vboxadd-service.service.
[[0;32m  OK  [0m] Started Wait until snapd is fully seeded.
         Starting Apply the settings specified in cloud-config...
[[0;32m  OK  [0m] Reached target Multi-User System.
[[0;32m  OK  [0m] Reached target Graphical Interface.
         Starting Update UTMP about System Runlevel Changes...
[[0;32m  OK  [0m] Started User Manager for UID 1000.
[[0;32m  OK  [0m] Started Update UTMP about System Runlevel Changes.
[   26.559298] cloud-init[1094]: Cloud-init v. 19.3-41-gc4735dd3-0ubuntu1~18.04.1 running 'modules:config' at Wed, 25 Mar 2020 03:24:57 +0000. Up 26.37 seconds.
[[0;32m  OK  [0m] Started Apply the settings specified in cloud-config.
         Starting Execute cloud user/final scripts...
[   27.478868] cloud-init[1178]: Cloud-init v. 19.3-41-gc4735dd3-0ubuntu1~18.04.1 running 'modules:final' at Wed, 25 Mar 2020 03:24:58 +0000. Up 27.27 seconds.
[   27.512485] cloud-init[1178]: Cloud-init v. 19.3-41-gc4735dd3-0ubuntu1~18.04.1 finished at Wed, 25 Mar 2020 03:24:58 +0000. Datasource DataSourceNoCloud [seed=/dev/sdb][dsmode=net].  Up 27.46 seconds
[[0;32m  OK  [0m] Started Execute cloud user/final scripts.
[[0;32m  OK  [0m] Reached target Cloud-init target.

Ubuntu 18.04.3 LTS ubuntu-bionic ttyS0

ubuntu-bionic login: 