[   0.00000] Linux version 4.15-91-generic(build@lgw0-amd64-013) (gcc version 7.4.0 (Ubuntu 7.4.0-1ubuntu1~18.04.1)) #92-Ubuntu SMP Fri Feb 28 11:09:48 UTC 2020 (Ubuntu 4.15.0-91.92-generic 4.15.18)
[    0.000000] Command line: BOOT_IMAGE=/boot/vmlinuz-4.15.0-91-generic root=UUID=fc432cd9-3eff-4f0f-956a-9c088d130e57 ro console=tty1 console=ttyS0
[    0.000000] KERNEL supported cpus:
[    0.000000]   Intel GenuineIntel
[    0.000000]   AMD AuthenticAMD
[    0.000000]   Centaur CetaurHauls
[    0.000000] x86/fpu: Supporting XSAVEfeature 0x001: 'x87 floating point registers'
[    0.000000] x86/fpu: Supporting XSAVE fetue 0x002: 'SSE registers'
[    0.000000] x86/fpu: Supporting XSAVE feature 0x004: 'AVX registers'
[    0.000000] x86/fpu: xstate_offset[2]:  576, xstate_sizes[2]:  256
[    0.000000] x86/fpu: Enabled xstate features 0x7, context size is 832 btes, using 'standard' format.
[    0.000000] e820: BIOS-provided physical RAM map:
[    0.000000] BIOS-e820: [mem 0x0000000000000000-0x000000000009fbff] usable
[    0.000000] BIOS-e820: [mem 0x000000000009fc000xx000000000009ffff] reserved
[    0.000000] BIOS-e820: [mem 0x00000000000f0000-0x00000000000fffff] reserved
[    0.000000] BIOS-e820: [mem 0x0000000000100000-0x000000003ffeffff] usable
[    0.000000] BIOS-e820: [mem 0x000000003fff0000-0x000000003fffffff] ACPI data
[    0.000000] BIOS-e820: [mem 0x00000000fec00000-0x00000000fec00fff] reserved
[    0.000000] BIOS-e820: [mem 0x00000000fee00000-0x00000000fee00fff] reserved
[    0.000000] BIOS-e820: [mem 0x00000000fffc0000-0x00000000ffffffff] reserved
[    0.000000] NX (Execute Disable) protection: active
[    0.000000] SMBIOS 2.5 present.
[    0.000000] DMI: innotek GmbH VirtualBox/VirtualBox, BIOS VirtualBox 12/01/2006
[    0.000000] Hypervisor detected: KVM
[    0.000000] e820: last_pfn = 0x3fff0 max_arch_pfn = 0x400000000
[    0.000000] MTRR: Disabled
[    0.000000] x86/PAT: MTRRs disabled, skipping PAT initialization too.
[    0.000000] CPU MTRRs all blank - virtualized system.
[    0.000000] x86/PAT: Configuration [0-7]: WB  WT  UC- UC  WB  WT  UC- UC  
[    0.000000] found SMP MP-table at [mem 0x0009fff0-0x0009ffff]
[   0.000000] Scanning 1 areas for low memory corrupion
[    0.000000] RAMDISK: [mem 0x35965000-0x36ca9fff]
[    0.000000] ACPI: Early table checksum verification disabled
[    0.000000] ACPI: RSDP 0x00000000000E0000 000024 (v02 VBOX  )
[    0.000000] ACPI: XSDT 0x000000003FFF0030 00003C (v01 VBOX   VBOXXSDT 00000001 ASL  00000061)
[    0.000000] ACPI: FACP 0x00000003FFF00F0 0000F4 (v04 VBOX   VBOXFACP 00000001 ASL  00000061)
[    0.000000] ACPI: DSDT 0x000000003FFF0470 0021FF (v02 VBOX   VBOXBIOS 00000002 INTL 20100528)
[    0.000000] ACPI: FACS 0x000000003FFF0200 000040
[    0.000000] ACPI: FACS 0x000000003FFF0200 000040
[    0.000000] ACPI: APIC 0x000000003FFF0240 00005C (v02 VBOX   VBOXAPIC 00000001 ASL  00000061)
[    0.000000] ACPI: SSDT 0x000000003FFF02A0 0001CC (v01 VBOX   VBOXCPUT 00000002 INTL 20100528)
[    0.000000] No NUMA configuration found
[    0.000000] Faking a node at [mem 0x0000000000000000-0x000000003ffeffff]
[    0.000000] NODE_DATA(0) allocated [mem 0x3ffc5000-0x3ffeffff]
[    0.000000] kvm-clock: cpu 0, msr 0:3ff44001, primary cpu clock
[    0.000000] kvm-clock: Using msrs 4b564d01 and 4b564d00
[    0.000000] kvm-clock: using sched offset of 6424823204 cycles
[    0.000000] clocksource: kvm-clock: mask: 0xffffffffffffffff max_cycles: 0x1cd42e4dffb, max_idle_ns: 881590591483 ns
[    0.000000] Zone ranges:
[    0.000000]   DMA      [mem 0x000000000001000-0x0000000000fffff]
[    0.000000]   DMA32    [mem 0x0000000001000000-0x000000003ffeffff]
[    0.000000]   Normal   empty
[    0.000000]   Device   empty
[    0.000000] Movable zone start for each node
[    0.000000] Early memory node ranges
[    0.000000]   node   0: [mem 0x0000000000001000-0x000000000009efff]
[    0.000000]   node   0: [mem 0x0000000000100000-0x000000003ffeffff]
[    0.000000] Reserved but unavailable: 98 pages
[    0.000000] Initmem setup node 0 [mem 0x0000000000001000-0x000000003ffeffff]
[    0.000000] ACPI: PM-Timer IO Port: 0x4008
[    0.000000] IOAPIC[0]: apic_id 2, version 32, address 0xfec00000, GSI 0-23
[    0.000000] ACPI: INT_SRC_OVR (bus 0 bus_irq 0 global_irq2 dfl dfl)
[    0.000000] ACPI: INT_SRC_OVR (bus 0 bus_irq 9 globa_irq 9 low level)
[    0.000000] Using ACPI (MADT) for SMP configuration information
[    0000000] smpboot: Allowing 2 CPUs, 0hotplug CPUs
[   0.000000] PM Registered nosave memory: [mem 0x000000000x00000fff]

[    0.000000] PM:Registered nosave memory: [mem 0x0009f000-0x009ffff]
[    .000000] PM: Registered nosave memory: [mem0x000a0000-0x000effff]
[    0.000000] PM: Registerednosavememry: [mem 0x000f0000-0x000fffff]
[    0.000000] e820: [mem 0x40000000-0xfebfffff] available for PCI devices
[    0.000000] Booting paravirtualized kernel on KVM
[    0.000000] clocksource: refined-jfies: mask: 0xffffffff max_cycles: 0xffffff, max_ide_s: 764519600211568 s
[   0.000000] random: get_random_bytes called from start_kernel+0x99/0x4fd with crng_init=0
[    0.000000] setup_pcpu: NR_CPUS:8192 nr_cpumask_bits:2 nr_cpu_ids:2 nr_node_ids:1
[    0.000000] percpu: Embedded 45 pages/cpu s147456 r8192 d28672 u1048576
[    0.000000] PV qspinlock hash table entries: 256 (order: 0, 4096 bytes)
[    0.000000] Built 1 zoelists, mobility grouping on.  Total pages: 257913
[    0.000000] Policy zone: DMA32
[    0.000000] Kernel command line: BOOT_IMAGE=/boot/vmlinuz-4.15.0-91-generic root=UUID=fc432cd9-3eff-4f0f-956a-9c088d130e57 ro console=tty1 console=ttyS0
[    0.000000] Memory: 982536K/1048120K available (12300K kernel code, 2481 rwdata, 4264K rodata, 2432K init, 2712K bss, 65584K reserved, 0K cma-reserved)
[    0.000000] SLUB: HWalign=64, Order=0-3, MinObjects=0, CPUs=2, Nodes=1
[    0.000000] Kernel/User page tblesisolation: enabled
[    0.000000] ftrace: allocating 39347 entries in 154 pages
[    0.004000] Hierarchical RCU implementation.
[    0.004000] 	RCU restricting CPUs from NR_CPUS=8192 to nr_cpu_ids=2.
[    0.004000] 	Tasks RCU enabled.
[    0.004000] RCU: Adjusting geometry for rcu_fanout_leaf=16, nr_cpu_ids=2
[    0.004000] NR_IRQS: 524544, nr_irqs: 440, preallocated irqs: 16
[    0.004000] Console: colour VGA+ 80x25
[    0.004000] console [tty1] enabled
[    0.004000] console [ttyS0] enabled
[    0.004000] ACPI: Core revision 20170831
[    0.004000] ACPI: 2 ACPI AML tables successfully acquired and loaded
[    0.004000] APIC: Switch to symmetric I/O mode setup
[    0.004000] x2apic enabled
[    0.004000] Switched APIC routing to physical x2apic.
[    0.005335] ..TIMER: vector=0x30 apic1=0 pin1=2 apic2=-1 pin2=-1
[    0.008004] tsc: Detected 2303.998 MHz processor
[    0.012011] Calibrating delay loop (skipped) preset value.. 4607.99 BogoMIPS (lpj=9215992)
[    0.014306] pid_max: default: 32768 minimum: 301
[    0.016041] Security Framework initialized
[    0.020006] Yama: becoming mindful.
[    0.021053] AppArmor: AppArmor initialized
[    0.025632] Dentry cache hash table entries: 131072 (order: 8, 1048576 bytes)
[    0.028070] Inode-cache hash table entries: 65536 (order: 7, 524288 bytes)
[    0.032024] Mount-cache hash table entries: 2048 (order: 2, 16384 bytes)
[    0.036013] Mountpoint-cache hash table entries: 2048 (order: 2, 16384 bytes)
[    0.038208] Last level iTLB entries: 4KB 64, 2MB 8, 4MB 8
[    0.040004] Last level dTLB entries: 4KB 64, 2MB 0, 4MB 0, 1GB 4
[    0.041920] Spectre V1 : Mitigation: usercopy/swapgs barriers and __user pointer sanitization
[    0.044005] Spectre V2 : Mitigation: Full generic retpoline
[    0.048004] Spectre V2 : Spectre v2 / SpectreRSB mitigation: Filling RSB on context switch
[    0.050040] Speculative Store Bypass: Vulnerable
[    0.051234] MDS: Vulnerable: Clear CPU buffers attempted, no microcode
[    0.052148] Freeing SMP alternatives memory: 36K
[    0.166229] smpboot: CPU0: Intel(R) Core(TM) i5-7360U CPU @ 2.30GHz (family: 0x6, model: 0x8e, stepping: 0x9)
[    0.168200] Performance Events: unsupported p6 CPU model 142 no PMU driver, software events only.
[    0.172058] Hierarchical SRCU implementation.
[    0.176634] NMI watchdog: Perf event create on CPU 0 failed with -2
[    0.180012] NMI watchdog: Perf NMI watchdog permanently disabled
[    0.184075] smp: Bringing up secondary CPUs ...
[    0.188178] x86: Booting SMP configuration:
[    0.192006] .... node  #0, CPUs:      #1
[    0.004000] kvm-clock: cpu 1, msr 0:3ff44041, secondary cpu clock
[    0.219539] smp: Brought up 1 node, 2 CPUs
[    0.220007] smpboot: Max logical packages: 1
[    0.224008] smpboot: Total of 2 processors activated (9215.99 BogoMIPS)
[    0.228136] devtmpfs: initialized
[    0.228936] x86/mm: Memory block size: 128MB
[    0.232148] evm: security.selinux
[    0.236008] evm: security.SMACK64
[    0.240006] evm: security.SMACK64EXEC
[    0.244004] evm: security.SMACK64TRANSMUTE
[    0.248005] evm: security.SMACK64MMAP
[    0.248882] evm: security.apparmor
[    0.252004] evm: security.ima
[    0.256002] evm: security.capability
[    0.264138] clocksource: jiffies: mask: 0xffffffff max_cycles: 0xffffffff, max_idle_ns: 7645041785100000 ns
[    0.268017] futex hash table entries: 512 (order: 3, 32768 bytes)
[    0.273610] pinctrl core: initialized pinctrl subsystem
[    0.276181] RTC time:  0:28:39, date: 03/27/20
[    0.280258] NET: Registered protocol family 16
[    0.284099] audit: initializing netlink subsys (disabled)
[    0.288281] audit: type=2000 audit(1585268921.239:1): state=initialized audit_enabled=0 res=1
[    0.296054] cpuidle: using governor ladder
[    0.300018] cpuidle: using governor menu
[    0.304165] ACPI: bus type PCI registered
[    0.308008] acpiphp: ACPI Hot Plug PCI Controller Driver version: 0.5
[    0.312208] PCI: Using configuration type 1 for base access
[    0.321413] HugeTLB registered 2.00 MiB page size, pre-allocated 0 pages
[    0.324353] ACPI: Added _OSI(Module Device)
[    0.328010] ACPI: Added _OSI(Processor Device)
[    0.332117] ACPI: Added _OSI(3.0 _SCP Extensions)
[    0.336007] ACPI: Added _OSI(Processor Aggregator Device)
[    0.340008] ACPI: Added _OSI(Linux-Dell-Video)
[    0.344008] ACPI: Added _OSI(Linux-Lenovo-NV-HDMI-Audio)
[    0.348009] ACPI: Added _OSI(Linux-HPI-Hybrid-Graphics)
[    0.352675] ACPI: Executed 1 blocks of module-level executable AML code
[    0.360669] ACPI: Interpreter enabled
[    0.364029] ACPI: (supports S0 S5)
[    0.368007] ACPI: Using IOAPIC for interrupt routing
[    0.372220] PCI: Using host bridge windows from ACPI; if necessary, use "pci=nocrs" and report a bug
[    0.376223] ACPI: Enabled 2 GPEs in block 00 to 07
[    0.389175] ACPI: PCI Root Bridge [PCI0] (domain 0000 [bus 00-ff])
[    0.392016] acpi PNP0A03:00: _OSC: OS supports [ASPM ClockPM Segments MSI]
[    0.396069] acpi PNP0A03:00: _OSC: not requesting OS control; OS requires [ExtendedConfig ASPM ClockPM MSI]
[    0.400024] acpi PNP0A03:00: fail to add MMCONFIG information, can't access extended PCI configuration space under this bridge.
[    0.404736] PCI host bridge to bus 0000:00
[    0.408008] pci_bus 0000:00: root bus resource [io  0x0000-0x0cf7 window]
[    0.412009] pci_bus 0000:00: root bus resource [io  0x0d00-0xffff window]
[    0.416011] pci_bus 0000:00: root bus resource [mem 0x000a0000-0x000bffff window]
[    0.420009] pci_bus 0000:00: root bus resource [mem 0x40000000-0xfdffffff window]
[    0.424011] pci_bus 0000:00: root bus resource [bus 00-ff]
[    0.433578] pci 0000:00:01.1: legacy IDE quirk: reg 0x10: [io  0x01f0-0x01f7]
[    0.436007] pci 0000:00:01.1: legacy IDE quirk: reg 0x14: [io  0x03f6]
[    0.440008] pci 0000:00:01.1: legacy IDE quirk: reg 0x18: [io  0x0170-0x0177]
[    0.441775] pci 0000:00:01.1: legacy IDE quirk: reg 0x1c: [io  0x0376]
[    0.462738] pci 0000:00:07.0: quirk: [io  0x4000-0x403f] claimed by PIIX4 ACPI
[    0.464028] pci 0000:00:07.0: quirk: [io  0x4100-0x410f] claimed by PIIX4 SMB
[    0.482309] ACPI: PCI Interrupt Link [LNKA] (IRQs 5 9 10 *11)
[    0.488093] ACPI: PCI Interrupt Link [LNKB] (IRQs 5 9 *10 11)
[    0.492183] ACPI: PCI Interrupt Link [LNKC] (IRQs 5 *9 10 11)
[    0.496160] ACPI: PCI Interrupt Link [LNKD] (IRQs 5 9 10 *11)
[    0.504852] SCSI subsystem initialized
[    0.508063] pci 0000:00:02.0: vgaarb: setting as boot VGA device
[    0.512000] pci 0000:00:02.0: vgaarb: VGA device added: decodes=io+mem,owns=io+mem,locks=none
[    0.512010] pci 0000:00:02.0: vgaarb: bridge control possible
[    0.516005] vgaarb: loaded
[    0.520051] ACPI: bus type USB registered
[    0.524036] usbcore: registered new interface driver usbfs
[    0.528026] usbcore: registered new interface driver hub
[    0.532040] usbcore: registered new device driver usb
[    0.536089] EDAC MC: Ver: 3.0.0
[    0.540440] PCI: Using ACPI for IRQ routing
[    0.544429] NetLabel: Initializing
[    0.548006] NetLabel:  domain hash size = 128
[    0.552005] NetLabel:  protocols = UNLABELED CIPSOv4 CALIPSO
[    0.556026] NetLabel:  unlabeled traffic allowed by default
[    0.564190] clocksource: Switched to clocksource kvm-clock
[    0.610641] VFS: Disk quotas dquot_6.6.0
[    0.17106]FS: Dquot-cachehash table entries: 5 (der 0,4096 bytes)
[    0.877532] AppArmor: AppAmor Filesystem Enabled
[    0.907661] pnp: P AI it
[    1.3336] pnp: PnP ACPI: found 3 devices
[   1.157759] cockource: acpi_pm: mask: 0xffffff max_cycles: 0xffffff, max_idle_ns: 257002ns[    414406] NET: Registeredprtol family2

[    1.622189] TCPestablished hash table entries: 82 order: 4, 65536 bytes)

[    1.727533] TCP bind hash table entries: 8192 (order: 5, 131072 bytes)
[    7487 T: Has tables configured (esblished 8192 bind 819)

[    2.022621] UDP hash table entries: 512 (order: 2, 16384 byes)[    2.079605] UDP-Lite hash table entries: 512 (order: 2, 16384 bytes)
[    2.104344] NET: Registered protocol family 1
[    2.105197] pci 0000:00:00.0: Limiting direct PCI/PCI transfers
[    2.106996] pci 0000:00:01.0: Activating ISA DMA hang workarounds
[    2.108379] pci 0000:00:02.0: Video device withhadowed ROM at [mem 0x000c0000-0x000dffff]
[  2.157466] Unpacking initramfs...

[    2.555348] Freeing initrd memory: 19732K
[    2.556874] clocksource: tsc: mask: 0xffffffffffffffff max_cycles: 0x2135f5e6f15, max_idle_ns: 440795231538 ns
[    2.559996] platform rtc_cmos: registered platform RTC device (no PNP device found)
[    2.562170] Scanning for low memory corruption every 60 seconds
[    2.564754] Initialise system trusted keyrings
[    2.566193] Key type blacklist registered
[    2.567637] workingset: timestamp_bits=36 max_order=18 bucket_order=0
[    2.570657] zbud: loaded
[    2.572085] squashfs: version 4.0 (2009/01/31) Phillip Lougher
[    2.574039] fuse init (API version 7.26)
[    2.580515] Key type asymmetric registered
[    2.597030] Asymmetric key parser 'x509' registered
[    2.600591] Block layer SCSI generic (bsg) driver version 0.4 loaded (major 246)
[    2.606060] io scheduler noop registered
[    2.607634] io scheduler deadline registered
[    2.613198] io scheduler cfq registered (default)
[    2.615347] ACPI: AC Adapter [AC] (off-line)
[    2.625274] input: Power Button as /devices/LNXSYSTM:00/LNXPWRBN:00/input/input0
[    2.650644] ACPI: Power Button [PWRF]
[    2.652019] input: Sleep Button as /devices/LNXSYSTM:00/LNXSLPBN:00/input/input1
[    2.659725] ACPI: Sleep Button [SLPF]
[    2.662500] ACPI: Battery Slot [BAT0] (battery present)
[    2.668854] Serial: 8250/16550 driver, 32 ports, IRQ sharing enabled
[    2.719462] 00:02: ttyS0 at I/O 0x3f8 (irq = 4, base_baud = 115200) is a 16550A
[    2.751195] Linux agpgart interface v0.103
[    2.762567] loop: module loaded
[    2.775358] scsi host0: ata_piix
[    2.776758] scsi host1: ata_piix
[    2.792543] ata1: PATA max UDMA/33 cmd 0x1f0 ctl 0x3f6 bmdma 0xd000 irq 14
[    2.801779] ata2: PATA max UDMA/33 cmd 0x170 ctl 0x376 bmdma 0xd008 irq 15
[    2.862110] libphy: Fixed MDIO Bus: probed
[    2.885283] tun: Universal TUN/TAP device driver, 1.6
[    2.889834] PPP generic driver version 2.4.2
[    2.902548] ehci_hcd: USB 2.0 'Enhanced' Host Controller (EHCI) Driver
[    2.911189] ehci-pci: EHCI PCI platform driver
[    2.937750] ehci-platform: EHCI generic platform driver
[    2.939167] ohci_hcd: USB 1.1 'Open' Host Controller (OHCI) Driver
[    2.961495] ohci-pci: OHCI PCI platform driver
[    2.994787] ohci-platform: OHCI generic platform driver
[    2.997600] uhci_hcd: USB Universal Host Controller Interface driver
[    3.021844] i8042: PNP: PS/2 Controller [PNP0303:PS2K,PNP0f03:PS2M] at 0x60,0x64 irq 1,12
[    3.102786] serio: i8042 KBD port at 0x60,0x64 irq 1
[    3.112088] serio: i8042 AUX portt 0x60,0x64 irq 12

[    3.171420] mousedev: PS/2 mouse device common for all mice
[    3.189891] input: AT Translated Set 2 keyboard as /devices/platform/i8042/serio0/input/input2
[    3.196269] rtc_cmos rtc_cmos: rtc core: registered rtc_cmos as rtc0
[    3.223753] rtc_cmos rtc_cmos: alarms up to one day, 114 bytes nvram
[    3.269152] i2c /dev entries driver
[    3.286435] device-mapper: uevent: version 1.0.3
[    3.287813] device-mapper: ioctl: 4.37.0-ioctl (2017-09-20) initialised: dm-devel@redhat.com
[    3.289967] ledtrig-cpu: registered to indicate activity on CPUs
[    3.291804] NET: Registered protocol family 10
[    3.296873] Segment Routing with IPv6
[    3.297784] NET: Registered protocol family 17
[    3.298843] Key type dns_resolver registered
[    3.299953] mce: Using 0 MCE banks
[    3.301090] RAS: Correctable Errors collector initialized.
[    3.315681] sched_clock: Marking stable (3315649485, 0)->(10143437719, -6827788234)
[    3.317872] registered taskstats version 1
[    3.318674] Loading compiled-in X.509 certificates
[    3.323338] Loaded X.509 cert 'Build time autogenerated kernel key: d019e8c5f4cbc828f6af43369f65a014a3a68371'
[    3.331815] zswap: loaded using pool lzo/zbud
[    3.337796] Key type big_key registered
[    3.338913] Key type trusted registered
[    3.341743] Key type encrypted registered
[    3.342558] AppArmor: AppArmor sha1 policy hashing enabled
[    3.345588] ima: No TPM chip found, activating TPM-bypass! (rc=-19)
[    3.356955] ima: Allocated hash algorithm: sha1
[    3.358328] evm: HMAC attrs: 0x1
[    3.359725]   Magic number: 12:931:456
[    3.360909] mem urandom: hash matches
[    3.362097] rtc_cmos rtc_cmos: setting system clock to 2020-03-27 00:28:43 UTC (1585268923)
[    3.381006] BIOS EDD facility v0.16 2004-Jun-25, 0 devices found
[    3.396899] EDD information not available.
[    3.420186] Freeing unused kernel image memory: 2432K
[    3.432274] Write protecting the kernel read-only data: 20480k
[    3.445346] Freeing unused kernel image memory: 2008K
[    3.474272] Freeing unused kernel image memory: 1880K
[    3.492070] x86/mm: Checked W+X mappings: passed, no W+X pages found.
[    3.495261] x86/mm: Checking user space page tables
[    3.519452] x86/mm: Checked W+X mappings: passed, no W+X pages found.
Loading, please wait...
starting version 237
[    3.648527] Fusion MPT base driver 3.04.20
[    3.651281] Copyright (c) 1999-2008 LSI Corporation
[    3.660861] e1000: Intel(R) PRO/1000 Network Driver - version 7.3.21-k8-NAPI
[    3.662852] e1000: Copyright (c) 1999-2006 Intel Corporation.
[    3.675964] AVX2 version of gcm_enc/dec engaged.
[    3.677396] AES CTR mode by8 optimization enabled
[    3.691483] Fusion MPT SPI Host driver 3.04.20
[    3.869568] input: ImExPS/2 Generic Explorer Mouse as /devices/platform/i8042/serio1/input/input4
[    4.119111] e1000 0000:00:03.0 eth0: (PCI:33MHz:32-bit) 02:b1:13:47:2b:13
[    4.130794] e1000 0000:00:03.0 eth0: Intel(R) PRO/1000 Network Connection
[    4.569218] e1000 0000:00:08.0 eth1: (PCI:33MHz:32-bit) 08:00:27:c6:bb:13
[    4.613383] e1000 0000:00:08.0 eth1: Intel(R) PRO/1000 Network Connection
[    4.616488] e1000 0000:00:03.0 enp0s3: renamed from eth0
[    4.619147] mptbase: ioc0: Initiating bringup
[    4.636986] e1000 0000:00:08.0 enp0s8: renamed from eth1
[    4.720264] ioc0: LSI53C1030 A0: Capabilities={Initiator}
[    5.032912] scsi host2: ioc0: LSI53C1030 A0, FwRev=00000000h, Ports=1, MaxQ=256, IRQ=20
[    5.220665] scsi 2:0:0:0: Direct-Access     VBOX     HARDDISK         1.0  PQ: 0 ANSI: 5
[    5.268258] scsi target2:0:0: Beginning Domain Validation
[    5.307857] scsi target2:0:0: Domain Validation skipping write tests
[    5.323481] scsi target2:0:0: Ending Domain Validation
[    5.326177] scsi target2:0:0: asynchronous
[    5.328187] scsi 2:0:1:0: Direct-Access     VBOX     HARDDISK         1.0  PQ: 0 ANSI: 5
[    5.364144] scsi target2:0:1: Beginning Domain Validation
[    5.368505] random: fast init done
[    5.651874] scsi target2:0:1: Domain Validation skipping write tests
[    5.678813] scsi target2:0:1: Ending Domain Validation
[    5.680427] scsi target2:0:1: asynchronous
[    5.687456] random: systemd-udevd: uninitialized urandom read (16 bytes read)
[    5.690926] random: systemd-udevd: uninitialized urandom read (16 bytes read)
[    5.692909] random: systemd-udevd: uninitialized urandom read (16 bytes read)
[    5.701510] sd 2:0:0:0: Attached scsi generic sg0 type 0
[    5.703419] sd 2:0:0:0: [sda] 20971520 512-byte logical blocks: (10.7 GB/10.0 GiB)
[    5.705982] sd 2:0:1:0: Attached scsi generic sg1 type 0
[    5.713724] sd 2:0:0:0: [sda] Write Protect is off
[    5.747936] sd 2:0:1:0: [sdb] 20480 512-byte logical blocks: (10.5 MB/10.0 MiB)
[    5.751286] sd 2:0:0:0: [sda] Incomplete mode parameter data
[    5.759313] sd 2:0:0:0: [sda] Assuming drive cache: write through
[    5.759385] sd 2:0:1:0: [sdb] Write Protect is off
[    5.793304] sd 2:0:1:0: [sdb] Incomplete mode parameter data
[    6.047297] sd 2:0:1:0: [sdb] Assuming drive cache: write through
[    6.051084]  sda: sda1
[    6.053033] sd 2:0:0:0: [sda] Attached SCSI disk
[    6.053413] sd 2:0:1:0: [sdb] Attached SCSI disk
Begin: Loading essential drivers ... [    7.596115] raid6: sse2x1   gen()  8426 MB/s
[    7.672069] raid6: sse2x1   xor()  4882 MB/s
[    7.724251] raid6: sse2x2   gen()  7508 MB/s
[    7.865774] raid6: sse2x2   xor() 12028 MB/s
[    7.944248] raid6: sse2x4   gen() 10522 MB/s
[    7.996073] raid6: sse2x4   xor()  7074 MB/s
[    8.044390] raid6: avx2x1   gen() 14388 MB/s
[    8.096471] raid6: avx2x1   xor() 11292 MB/s
[    8.145632] raid6: avx2x2   gen() 16144 MB/s
[    8.192219] raid6: avx2x2   xor() 14911 MB/s
[    8.240269] raid6: avx2x4   gen() 27547 MB/s
[    8.328124] raid6: avx2x4   xor() 12341 MB/s
[    8.329470] raid6: using algorithm avx2x4 gen() 27547 MB/s
[    8.331013] raid6: .... xor() 12341 MB/s, rmw enabled
[    8.332480] raid6: using avx2x2 recovery algorithm
[    8.335528] xor: automatically using best checksumming function   avx       
[    8.339155] async_tx: api initialized (async)
done.
Begin: Running /scripts/init-premount ... done.
Begin: Mounting root file system ... Begin: Running /scripts/local-top ... done.
Begin: Running /scripts/local-premount ... [    8.405354] Btrfs loaded, crc32c=crc32c-intel
Scanning for Btrfs filesystems
done.
Warning: fsck not present, so skipping root file system
[    8.444669] EXT4-fs (sda1): INFO: recovery required on readonly filesystem
[    8.445974] EXT4-fs (sda1): write access will be enabled during recovery
[    8.487254] EXT4-fs (sda1): orphan cleanup on readonly fs
[    8.488714] EXT4-fs (sda1): 1 orphan inode deleted
[    8.489888] EXT4-fs (sda1): recovery complete
[    8.491334] EXT4-fs (sda1): mounted filesystem with ordered data mode. Opts: (null)
done.
Begin: Running /scripts/local-bottom ... done.
Begin: Running /scripts/init-bottom ... done.
[    8.768224] ip_tables: (C) 2000-2006 Netfilter Core Team
[    8.782041] systemd[1]: systemd 237 running in system mode. (+PAM +AUDIT +SELINUX +IMA +APPARMOR +SMACK +SYSVINIT +UTMP +LIBCRYPTSETUP +GCRYPT +GNUTLS +ACL +XZ +LZ4 +SECCOMP +BLKID +ELFUTILS +KMOD -IDN2 +IDN -PCRE2 default-hierarchy=hybrid)
[    8.797897] systemd[1]: Detected virtualization oracle.
[    8.801268] systemd[1]: Detected architecture x86-64.

Welcome to [1mUbuntu 18.04.3 LTS[0m!

[    8.821924] systemd[1]: Set hostname to <ubuntu-bionic>.
[    9.211474] systemd[1]: Reached target User and Group Name Lookups.
[[0;32m  OK  [0m] Reached target User and Group Name Lookups.
[    9.214287] systemd[1]: Reached target System Time Synchronized.
[[0;32m  OK  [0m] Reached target System Time Synchronized.
[    9.230852] systemd[1]: Created slice System Slice.
[[0;32m  OK  [0m] Created slice System Slice.
[    9.340459] systemd[1]: Listening on Network Service Netlink Socket.
[[0;32m  OK  [0m] Listening on Network Service Netlink Socket.
[    9.371421] systemd[1]: Listening on /dev/initctl Compatibility Named Pipe.
[[0;32m  OK  [0m] Listening on /dev/initctl Compatibility Named Pipe.
[    9.399418] systemd[1]: Listening on udev Kernel Socket.
[[0;32m  OK  [0m] Listening on udev Kernel Socket.
[[0;32m  OK  [0m] Listening on Device-mapper event daemon FIFOs.
[[0;32m  OK  [0m] Created slice system-serial\x2dgetty.slice.
[[0;32m  OK  [0m] Listening on udev Control Socket.
[[0;32m  OK  [0m] Listening on Journal Socket (/dev/log).
[[0;32m  OK  [0m] Created slice User and Session Slice.
[[0;32m  OK  [0m] Reached target Slices.
[[0;32m  OK  [0m] Listening on Journal Audit Socket.
[[0;32m  OK  [0m] Listening on Syslog Socket.
[[0;32m  OK  [0m] Started Forward Password Requests to Wall Directory Watch.
[[0;32m  OK  [0m] Listening on LVM2 poll daemon socket.
[[0;32m  OK  [0m] Reached target Swap.
[[0;32m  OK  [0m] Set up automount Arbitrary Executab…rmats File System Automount Point.
[[0;32m  OK  [0m] Listening on LVM2 metadata daemon socket.
[[0;32m  OK  [0m] Listening on Journal Socket.
         Starting Uncomplicated firewall...
         Starting Set the console keyboard layout...
         Starting Monitoring of LVM2 mirrors…ng dmeventd or progress polling...
         Starting Remount Root and Kernel File Systems...
         Starting Create list of required st…ce nodes for the current kernel...
         Mounting Kernel Debug File System...
         Starting udev Coldplug all Devices...
         Starting Journal Service...
         Mounting POSIX Message Queue File System...
[    9.577068] EXT4-fs (sda1): re-mounted. Opts: (null)
         Starting Load Kernel Modules...
         Mounting Huge Pages File System...
[[0;32m  OK  [0m] Started Uncomplicated firewall.
[[0;32m  OK  [0m] Started Remount Root and Kernel File Systems.
[[0;32m  OK  [0m] Started Create list of required sta…vice nodes for the current kernel.
[[0;32m  OK  [[    9.625766] Loading iSCSI transport class v2.0-870.
0m] Mounted Kernel Debug File System.
[[0;32m  OK  [0m] Mounted POSIX Message Queue [    9.658560] iscsi: registered transport (tcp)
File System.
[[0;32m  OK  [0m] Started Journal Service.
[[0;32m  OK  [0m] Mounted Huge Pages File System.
[[0;32m  OK  [0m] Started udev Coldplug all Devices.
[[0;32m  OK  [0m] Started LVM2 metadata daemon.
[    9.714112] iscsi: registered transport (iser)
         Starting Create Static Device Nodes in /dev...
         Starting Load/Save Random Seed...
         Starting Flush Journal to Persistent Storage...
[[0;32m  OK  [0m] Started Set the console keyboard layout.
[[0;32m  OK  [0m] Started Monitoring of LVM2 mirrors,…sing dmeventd or progress polling.
[[0;32m  OK  [0m] Started Load Kernel Modules.
[[0;32m  OK  [0m] Started Create Static Device Nodes in /dev.
[[0;32m  OK  [0m] Started Load/Save Random Seed.
[    9.839590] systemd-journald[404]: Received request to flush runtime journal from PID 1
         Starting udev Kernel Device Manager...
         Starting Apply Kernel Variables...
         Mounting FUSE Control File System...
         Mounting Kernel Configuration File System...
[[0;32m  OK  [0m] Reached target Local File Systems (Pre).
[[0;32m  OK  [0m] Reached target Local File Systems.
         Starting ebtables rules[    9.880671] random: crng init done
et management...[    9.899957] random: 7 urandom warning(s) missed due to ratelimiting

         Starting AppArmor initialization...
         Starting Tell Plymouth To Write Out Runtime Data...
         Starting Set console font and keymap...
[[0;32m  OK  [0m] Mounted FUSE Control File System.
[[0;32m  OK  [0m] Mounted Kernel Configuration File System.
[[0;32m  OK  [0m] Started Tell Plymouth To Write Out Runtime Data.
[[0;32m  OK  [0m] Started Apply Kernel Variables.
[[0;32m  OK  [0m] Started Set console font and keymap.
[[0;32m  OK  [0m] Started udev Kernel Device Manager.
[[0;32m  OK  [0m] Started Dispatch Password Requests to Console Directory Watch.
[[0;32m  OK  [0m] Reached target Local Encrypted Volumes.
[[0;32m  OK  [0m] Started ebtables ruleset management.
[[0;32m  OK  [0m] Started Flush Journal to Persistent Storage.
         Starting Create Volatile Files and Directories...
[[0;32m  OK  [0m] Started Create Volatile Files and Directories.
         Starting Update UTMP about System Boot/Shutdown...
[[0;32m  OK  [0m] Started Update UTMP about System Boot/Shutdown.
[[0;32m  OK  [0m] Started AppArmor initialization.
         Starting Initial cloud-init job (pre-networking)...
[[0;32m  OK  [0m] Found device /dev/ttyS0.
[[0;32m  OK  [0m] Listening on Load/Save RF Kill Switch Status /dev/rfkill Watch.
[   11.803113] cloud-init[509]: Cloud-init v. 19.3-41-gc4735dd3-0ubuntu1~18.04.1 running 'init-local' at Fri, 27 Mar 2020 00:28:51 +0000. Up 11.59 seconds.
[[0;32m  OK  [0m] Started Initial cloud-init job (pre-networking).
[[0;32m  OK  [0m] Reached target Network (Pre).
         Starting Network Service...
[[0;32m  OK  [0m] Started Network Service.
         Starting Wait for Network to be Configured...
         Starting Network Name Resolution...
[[0;32m  OK  [0m] Started Network Name Resolution.
[[0;32m  OK  [0m] Reached target Host and Network Name Lookups.
[[0;32m  OK  [0m] Reached target Network.
[[0;32m  OK  [0m] Started Wait for Network to be Configured.
         Starting Initial cloud-init job (metadata service crawler)...
[   14.091027] cloud-init[711]: Cloud-init v. 19.3-41-gc4735dd3-0ubuntu1~18.04.1 running 'init' at Fri, 27 Mar 2020 00:28:54 +0000. Up 13.96 seconds.
[   14.098856] cloud-init[711]: ci-info: ++++++++++++++++++++++++++++++++++++++Net device info+++++++++++++++++++++++++++++++++++++++
[   14.124902] cloud-init[711]: ci-info: +--------+------+-----------------------------+---------------+--------+-------------------+
[   14.148349] cloud-init[711]: ci-info: | Device |  Up  |           Address           |      Mask     | Scope  |     Hw-Address    |
[   14.164869] cloud-init[711]: ci-info: +--------+------+-----------------------------+---------------+--------+-------------------+
[   14.180262] cloud-init[711]: ci-info: | enp0s3 | True |          10.0.2.15          | 255.255.255.0 | global | 02:b1:13:47:2b:13 |
[   14.197663] cloud-init[711]: ci-info: | enp0s3 | True |  fe80::b1:13ff:fe47:2b13/64 |       .       |  link  | 02:b1:13:47:2b:13 |
[   14.200178] cloud-init[711]: ci-info: | enp0s8 | True |        192.168.33.10        | 255.255.255.0 | global | 08:00:27:c6:bb:13 |
[   14.226064] cloud-init[711]: ci-info: | enp0s8 | True | fe80::a00:27ff:fec6:bb13/64 |       .       |  link  | 08:00:27:c6:bb:13 |
[   14.230698] cloud-init[711]: ci-info: |   lo   | True |          127.0.0.1          |   255.0.0.0   |  host  |         .         |
[   14.233327] cloud-init[711]: ci-info: |   lo   | True |           ::1/128           |       .       |  host  |         .         |
[   14.267436] cloud-init[711]: ci-info: +--------+------+-----------------------------+---------------+--------+-------------------+
[   14.280567] cloud-init[711]: ci-info: +++++++++++++++++++++++++++++Route IPv4 info+++++++++++++++++++++++++++++
[   14.282409] cloud-init[711]: ci-info: +-------+--------------+----------+-----------------+-----------+-------+
[   14.284889] cloud-init[711]: ci-info: | Route | Destination  | Gateway  |     Genmask     | Interface | Flags |
[   14.300415] cloud-init[711]: ci-info: +-------+--------------+----------+-----------------+-----------+-------+
[   14.302378] cloud-init[711]: ci-info: |   0   |   0.0.0.0    | 10.0.2.2 |     0.0.0.0     |   enp0s3  |   UG  |
[   14.304657] cloud-init[711]: ci-info: |   1   |   10.0.2.0   | 0.0.0.0  |  255.255.255.0  |   enp0s3  |   U   |
[   14.307271] cloud-init[711]: ci-info: |   2   |   10.0.2.2   | 0.0.0.0  | 255.255.255.255 |   enp0s3  |   UH  |
[   14.309865] cloud-init[711]: ci-info: |   3   | 192.168.33.0 | 0.0.0.0  |  255.255.255.0  |   enp0s8  |   U   |
[   14.312466] cloud-init[711]: ci-info: +-------+--------------+----------+-----------------+-----------+-------+
[   14.314964] cloud-init[711]: ci-info: +++++++++++++++++++Route IPv6 info+++++++++++++++++++
[   14.321927] cloud-init[711]: ci-info: +-------+-------------+---------+-----------+-------+
[   14.324882] cloud-init[711]: ci-info: | Route | Destination | Gateway | Interface | Flags |
[   14.326545] cloud-init[711]: ci-info: +-------+-------------+---------+-----------+-------+
[   14.328316] cloud-init[711]: ci-info: |   1   |  fe80::/64  |    ::   |   enp0s8  |   U   |
[   14.335180] cloud-init[711]: ci-info: |   2   |  fe80::/64  |    ::   |   enp0s3  |   U   |
[[0;32m  OK  [0m] Started Initial cloud-init job (metadata service crawler).
[[0;32m  OK  [0m] Reached target Network is Online.
[   14.354754] cloud-init[711]: ci-info: |   4   |    local    |    ::   |   enp0s3  |   U   |
         Starting Availability of block devices...
[[0;32m  OK  [0m] Reached target Remote File Systems (Pre).
[   14.418126] cloud-init[711]: ci-info: |   5   |    local    |    ::   |   enp0s8  |   U   |
[[0;32m  OK  [0m] Reached target Remote File Systems.
[   14.421349] [[0;32m  OK  [0m] Reached target Cloud-config availability.
[[0;32m  OK  [0m] Reached target System Initialization.
[[0;32m  OK  [0m] Started Daily apt download activities.
         Starting Socket activation for snappy daemon.
[[0;32m  OK  [0m] Started Daily apt upgrade and clean activities.
[[0;32m  OK  [0m] Listening on D-Bus System Message Bus Socket.
[[0;32m  OK  [0m] Started Message of the Day.
cloud-init[711]: ci-info: |   6   |   ff00::/8  |    ::   |   enp0s8  |   U   |
[   14.442091] cloud-init[711]: ci-info: |   7   |   ff00::/8  |    ::   |   enp0s3  |   U   |
[   14.442151] cloud-init[711]: ci-info: +-------+-------------+---------+-----------+-------+
         Starting LXD - unix socket.
[[0;32m  OK  [0m] Started ACPI Events Check.
[[0;32m  OK  [0m] Listening on ACPID Listen Socket.
[[0;32m  OK  [0m] Listening on UUID daemon activation socket.
[[0;32m  OK  [0m] Listening on Open-iSCSI iscsid Socket.
[[0;32m  OK  [0m] Started Daily Cleanup of Temporary Directories.
[[0;32m  OK  [0m] Started Discard unused blocks once a week.
[[0;32m  OK  [0m] Reached target Paths.
[[0;32m  OK  [0m] Reached target Timers.
[[0;32m  OK  [0m] Started Availability of block devices.
[[0;32m  OK  [0m] Listening on Socket activation for snappy daemon.
[[0;32m  OK  [0m] Listening on LXD - unix socket.
[[0;32m  OK  [0m] Reached target Sockets.
[[0;32m  OK  [0m] Reached target Basic System.
         Starting System Logging Service...
         Starting Login Service...
         Starting LSB: Record successful boot for GRUB...
         Starting Dispatcher daemon for systemd-networkd...
         Starting LXD - container startup/shutdown...
[[0;32m  OK  [0m] Started irqbalance daemon.
         Starting Accounts Service...
[[0;32m  OK  [0m] Started D-Bus System Message Bus.
[[0;32m  OK  [0m] Started Login Service.
[[0;32m  OK  [0m] Started Unattended Upgrades Shutdown.
         Starting Snappy daemon...
[[0;32m  OK  [0m] Started FUSE filesystem for LXC.
[[0;32m  OK  [0m] Started Deferred execution scheduler.
         Starting Message of the Day...
         Starting vboxadd.service...
         Starting LSB: automatic crash report generation...
[[0;32m  OK  [0m] Started Regular background program processing daemon.
         Starting OpenBSD Secure Shell server...
         Starting Permit User Sessions...
[[0;32m  OK  [0m] Started System Logging Service.
[[0;32m  OK  [0m] Started LXD - container startup/shutdown.
[[0;32m  OK  [0m] Started Permit User Sessions.
[[0;32m  OK  [0m] Started OpenBSD Secure Shell server.
[[0;32m  OK  [0m] Started Dispatcher daemon for systemd-networkd.
         Starting Hold until boot process finishes up...
         Starting Terminate Plymouth Boot Screen...
         Starting Authorization Manager...
[[0;32m  OK  [0m] Started LSB: Record successful boot for GRUB.
[[0;32m  OK  [0m] Started LSB: automatic crash report generation.
[[0;32m  OK  [0m] Started Hold until boot process finishes up.
[[0;32m  OK  [0m] Started Terminate Plymouth Boot Screen.
[[0;32m  OK  [0m] Started Authorization Manager.
[[0;32m  OK  [0m] Started Snappy daemon.
[[0;32m  OK  [0m] Started Accounts Service.
         Starting Wait until snapd is fully seeded...
         Starting Set console scheme...
[[0;32m  OK  [0m] Started Serial Getty on ttyS0.
[[0;32m  OK  [0m] Started Wait until snapd is fully seeded.
[[0;32m  OK  [0m] Started Set console scheme.
[[0;32m  OK  [0m] Created slice system-getty.slice.
[[0;32m  OK  [0m] Started Getty on tty1.
[[0;32m  OK  [0m] Reached target Login Prompts.
         Starting Apply the settings specified in cloud-config...
[[0;32m  OK  [0m] Started vboxadd.service.
         Starting vboxadd-service.service...
[[0;32m  OK  [0m] Started vboxadd-service.service.
[[0;32m  OK  [0m] Reached target Multi-User System.
[[0;32m  OK  [0m] Reached target Graphical Interface.
         Starting Update UTMP about System Runlevel Changes...
[[0;32m  OK  [0m] Started Update UTMP about System Runlevel Changes.
[   16.644428] cloud-init[1202]: Cloud-init v. 19.3-41-gc4735dd3-0ubuntu1~18.04.1 running 'modules:config' at Fri, 27 Mar 2020 00:28:56 +0000. Up 16.52 seconds.
[[0;32m  OK  [0m] Started Apply the settings specified in cloud-config.
         Starting Execute cloud user/final scripts...
[   17.208065] cloud-init[1279]: Cloud-init v. 19.3-41-gc4735dd3-0ubuntu1~18.04.1 running 'modules:final' at Fri, 27 Mar 2020 00:28:57 +0000. Up 17.11 seconds.
[[   17.279219] cloud-init[1279]: Cloud-init v. 19.3-41-gc4735dd3-0ubuntu1~18.04.1 finished at Fri, 27 Mar 2020 00:28:57 +0000. Datasource DataSourceNoCloud [seed=/dev/sdb][dsmode=net].  Up 17.20 seconds
[0;32m  OK  [0m] Started Execute cloud user/final scripts.
[[0;32m  OK  [0m] Reached target Cloud-init target.
[[0;32m  OK  [0m] Started Message of the Day.

Ubuntu 18.04.3 LTS ubuntu-bionic ttyS0

ubuntu-bionic login: 